iteration number 0:
	xy_best   = [-0.11566557727355686, -1.197319777804247],
	err_best  = 10.72367840750811,
	err_local = 37.606203413996475,
	err_mean  = 37.606203413996475.

iteration number 1:
	xy_best   = [-0.11566557727355686, -1.197319777804247],
	err_best  = 10.72367840750811,
	err_local = 37.606203413996475,
	err_mean  = 37.606203413996475.

iteration number 2:
	xy_best   = [-0.11284906445101216, -1.1982378847622743],
	err_best  = 10.663435007947166,
	err_local = 37.100308419526016,
	err_mean  = 37.46972907690153.

iteration number 3:
	xy_best   = [-2.141494252225317, -1.0703534347439],
	err_best  = 10.391242018853232,
	err_local = 36.20213147204873,
	err_mean  = 37.281144009560805.

iteration number 4:
	xy_best   = [-2.1335695637519048, -1.0643427555650908],
	err_best  = 9.810807704465969,
	err_local = 35.02671896005814,
	err_mean  = 37.197321013700325.

iteration number 5:
	xy_best   = [-2.1258160609318444, -1.05846191644823],
	err_best  = 9.271811244271184,
	err_local = 33.580742988994025,
	err_mean  = 36.77903288636154.

iteration number 6:
	xy_best   = [2.058853101642882, -0.8751342023817614],
	err_best  = 8.603657296407999,
	err_local = 32.16762325975433,
	err_mean  = 35.977244326202225.

iteration number 7:
	xy_best   = [1.9982964219575339, -0.8801022590366757],
	err_best  = 7.474258368100333,
	err_local = 30.401634488355302,
	err_mean  = 34.87204704213088.

iteration number 8:
	xy_best   = [-2.0612651198285588, -1.0400134241830459],
	err_best  = 6.376610734194806,
	err_local = 28.501975716946635,
	err_mean  = 33.2991895994121.

iteration number 9:
	xy_best   = [-2.025457780156414, -1.0336348691695205],
	err_best  = 5.521017910635663,
	err_local = 26.89620467822431,
	err_mean  = 30.872762462486527.

iteration number 10:
	xy_best   = [-1.9911163034520976, -1.0275174362518613],
	err_best  = 5.185005522556514,
	err_local = 23.927200992699564,
	err_mean  = 28.42586398719673.

iteration number 11:
	xy_best   = [0.025917855489095296, 1.0856041592691381],
	err_best  = 2.7234757192940187,
	err_local = 22.05932494462785,
	err_mean  = 26.94884832522246.

iteration number 12:
	xy_best   = [-0.0439628438690218, 0.9803601903540302],
	err_best  = 1.418167076746684,
	err_local = 20.373081052619213,
	err_mean  = 25.746347648186205.

iteration number 13:
	xy_best   = [-0.0439628438690218, 0.9803601903540302],
	err_best  = 1.418167076746684,
	err_local = 18.981934975051416,
	err_mean  = 25.153349701474298.

iteration number 14:
	xy_best   = [-0.0439628438690218, 0.9803601903540302],
	err_best  = 1.418167076746684,
	err_local = 17.451863215383693,
	err_mean  = 25.673929054220867.

iteration number 15:
	xy_best   = [-0.0439628438690218, 0.9803601903540302],
	err_best  = 1.418167076746684,
	err_local = 16.221018425358416,
	err_mean  = 26.03454230221645.

iteration number 16:
	xy_best   = [-0.0439628438690218, 0.9803601903540302],
	err_best  = 1.418167076746684,
	err_local = 15.61806194132226,
	err_mean  = 24.87411592782498.

iteration number 17:
	xy_best   = [-0.0439628438690218, 0.9803601903540302],
	err_best  = 1.418167076746684,
	err_local = 14.530777402292278,
	err_mean  = 23.128274678412694.

iteration number 18:
	xy_best   = [-0.0439628438690218, 0.9803601903540302],
	err_best  = 1.418167076746684,
	err_local = 13.311251274775886,
	err_mean  = 22.613588657199838.

iteration number 19:
	xy_best   = [-0.0439628438690218, 0.9803601903540302],
	err_best  = 1.418167076746684,
	err_local = 12.288587090200664,
	err_mean  = 23.321106950465204.

iteration number 20:
	xy_best   = [-0.0439628438690218, 0.9803601903540302],
	err_best  = 1.418167076746684,
	err_local = 12.11066101895984,
	err_mean  = 24.188756691947905.

iteration number 21:
	xy_best   = [-0.0439628438690218, 0.9803601903540302],
	err_best  = 1.418167076746684,
	err_local = 11.425973600678153,
	err_mean  = 24.495126034771733.

iteration number 22:
	xy_best   = [-0.0439628438690218, 0.9803601903540302],
	err_best  = 1.418167076746684,
	err_local = 10.772631699803556,
	err_mean  = 23.923206738773274.

iteration number 23:
	xy_best   = [-0.0439628438690218, 0.9803601903540302],
	err_best  = 1.418167076746684,
	err_local = 10.005578114885202,
	err_mean  = 22.6170347758481.

iteration number 24:
	xy_best   = [-1.0075574140648071, -0.0070784813077916856],
	err_best  = 1.036382561354607,
	err_local = 9.128161637561147,
	err_mean  = 21.040170244581056.

iteration number 25:
	xy_best   = [-1.0075574140648071, -0.0070784813077916856],
	err_best  = 1.036382561354607,
	err_local = 8.528957637694033,
	err_mean  = 19.768139067705466.

iteration number 26:
	xy_best   = [-1.0075574140648071, -0.0070784813077916856],
	err_best  = 1.036382561354607,
	err_local = 8.06702576022097,
	err_mean  = 19.235936810032168.

iteration number 27:
	xy_best   = [-1.0075574140648071, -0.0070784813077916856],
	err_best  = 1.036382561354607,
	err_local = 7.353558621376478,
	err_mean  = 19.518413131860278.

iteration number 28:
	xy_best   = [-1.0075574140648071, -0.0070784813077916856],
	err_best  = 1.036382561354607,
	err_local = 7.1042155093976795,
	err_mean  = 20.39474080981836.

iteration number 29:
	xy_best   = [-1.0075574140648071, -0.0070784813077916856],
	err_best  = 1.036382561354607,
	err_local = 7.025135189406578,
	err_mean  = 21.413622242733272.

iteration number 30:
	xy_best   = [-1.0075574140648071, -0.0070784813077916856],
	err_best  = 1.036382561354607,
	err_local = 6.972958143286777,
	err_mean  = 22.27530080403527.

iteration number 31:
	xy_best   = [-1.0075574140648071, -0.0070784813077916856],
	err_best  = 1.036382561354607,
	err_local = 6.9717420321147445,
	err_mean  = 22.860148412849252.

iteration number 32:
	xy_best   = [-1.0075574140648071, -0.0070784813077916856],
	err_best  = 1.036382561354607,
	err_local = 6.960114485227764,
	err_mean  = 23.197150694859662.

iteration number 33:
	xy_best   = [-1.0075574140648071, -0.0070784813077916856],
	err_best  = 1.036382561354607,
	err_local = 6.953403333593863,
	err_mean  = 23.405317190899506.

iteration number 34:
	xy_best   = [-1.0075574140648071, -0.0070784813077916856],
	err_best  = 1.036382561354607,
	err_local = 6.9509011024327405,
	err_mean  = 23.545475724634052.

iteration number 35:
	xy_best   = [-1.0075574140648071, -0.0070784813077916856],
	err_best  = 1.036382561354607,
	err_local = 6.950571637831761,
	err_mean  = 23.662715675018113.

iteration number 36:
	xy_best   = [-1.0075574140648071, -0.0070784813077916856],
	err_best  = 1.036382561354607,
	err_local = 6.950571637831761,
	err_mean  = 23.747799048565383.

iteration number 37:
	xy_best   = [-1.0075574140648071, -0.0070784813077916856],
	err_best  = 1.036382561354607,
	err_local = 6.950571637831761,
	err_mean  = 23.80095783676057.

iteration number 38:
	xy_best   = [-1.0075574140648071, -0.0070784813077916856],
	err_best  = 1.036382561354607,
	err_local = 6.950571637831761,
	err_mean  = 23.81441141608851.

iteration number 39:
	xy_best   = [-1.0075574140648071, -0.0070784813077916856],
	err_best  = 1.036382561354607,
	err_local = 6.950571637831761,
	err_mean  = 23.788127564303718.

iteration number 40:
	xy_best   = [-1.0075574140648071, -0.0070784813077916856],
	err_best  = 1.036382561354607,
	err_local = 6.950571637831761,
	err_mean  = 23.73759987007806.

iteration number 41:
	xy_best   = [-1.0075574140648071, -0.0070784813077916856],
	err_best  = 1.036382561354607,
	err_local = 6.942330704253768,
	err_mean  = 23.657201019889786.

iteration number 42:
	xy_best   = [-1.0075574140648071, -0.0070784813077916856],
	err_best  = 1.036382561354607,
	err_local = 6.927864556654685,
	err_mean  = 23.54337586559208.

iteration number 43:
	xy_best   = [-1.0075574140648071, -0.0070784813077916856],
	err_best  = 1.036382561354607,
	err_local = 6.916177470538835,
	err_mean  = 23.410190563064994.

iteration number 44:
	xy_best   = [-1.0075574140648071, -0.0070784813077916856],
	err_best  = 1.036382561354607,
	err_local = 6.899227445044432,
	err_mean  = 23.27185385019526.

iteration number 45:
	xy_best   = [-1.0075574140648071, -0.0070784813077916856],
	err_best  = 1.036382561354607,
	err_local = 6.868464510059738,
	err_mean  = 23.11692146412615.

iteration number 46:
	xy_best   = [-1.0075574140648071, -0.0070784813077916856],
	err_best  = 1.036382561354607,
	err_local = 6.843429780670709,
	err_mean  = 22.960050084723015.

iteration number 47:
	xy_best   = [-1.0075574140648071, -0.0070784813077916856],
	err_best  = 1.036382561354607,
	err_local = 6.8279310317182125,
	err_mean  = 22.79410153608292.

iteration number 48:
	xy_best   = [-1.0075574140648071, -0.0070784813077916856],
	err_best  = 1.036382561354607,
	err_local = 6.816384423743859,
	err_mean  = 22.621766586373273.

iteration number 49:
	xy_best   = [-1.0075574140648071, -0.0070784813077916856],
	err_best  = 1.036382561354607,
	err_local = 6.799548569675228,
	err_mean  = 22.44959705085656.

iteration number 50:
	xy_best   = [-1.0075574140648071, -0.0070784813077916856],
	err_best  = 1.036382561354607,
	err_local = 6.772040992091863,
	err_mean  = 22.28409172360115.

iteration number 51:
	xy_best   = [-1.0075574140648071, -0.0070784813077916856],
	err_best  = 1.036382561354607,
	err_local = 6.744583220118143,
	err_mean  = 22.12800353884892.

iteration number 52:
	xy_best   = [-1.0075574140648071, -0.0070784813077916856],
	err_best  = 1.036382561354607,
	err_local = 6.716977869864154,
	err_mean  = 21.98298383689204.

iteration number 53:
	xy_best   = [-1.0075574140648071, -0.0070784813077916856],
	err_best  = 1.036382561354607,
	err_local = 6.674721550997999,
	err_mean  = 21.831371370217926.

iteration number 54:
	xy_best   = [-1.0075574140648071, -0.0070784813077916856],
	err_best  = 1.036382561354607,
	err_local = 6.627452605465692,
	err_mean  = 21.693195327011846.

iteration number 55:
	xy_best   = [-1.0075574140648071, -0.0070784813077916856],
	err_best  = 1.036382561354607,
	err_local = 6.580808657390374,
	err_mean  = 21.553564351477707.

iteration number 56:
	xy_best   = [-1.0075574140648071, -0.0070784813077916856],
	err_best  = 1.036382561354607,
	err_local = 6.538989243017804,
	err_mean  = 21.429137155819884.

iteration number 57:
	xy_best   = [-1.0075574140648071, -0.0070784813077916856],
	err_best  = 1.036382561354607,
	err_local = 6.496544940162811,
	err_mean  = 21.306002012207042.

iteration number 58:
	xy_best   = [-1.0075574140648071, -0.0070784813077916856],
	err_best  = 1.036382561354607,
	err_local = 6.455299410539534,
	err_mean  = 21.18391745040615.

iteration number 59:
	xy_best   = [-1.0075574140648071, -0.0070784813077916856],
	err_best  = 1.036382561354607,
	err_local = 6.413846845328023,
	err_mean  = 21.067642238037173.

iteration number 60:
	xy_best   = [-1.0075574140648071, -0.0070784813077916856],
	err_best  = 1.036382561354607,
	err_local = 6.374343010481166,
	err_mean  = 20.96033027888503.

iteration number 61:
	xy_best   = [-1.0075574140648071, -0.0070784813077916856],
	err_best  = 1.036382561354607,
	err_local = 6.338046434223919,
	err_mean  = 20.86450633378213.

iteration number 62:
	xy_best   = [-1.0075574140648071, -0.0070784813077916856],
	err_best  = 1.036382561354607,
	err_local = 6.301565306558409,
	err_mean  = 20.770545704217202.

iteration number 63:
	xy_best   = [-1.0075574140648071, -0.0070784813077916856],
	err_best  = 1.036382561354607,
	err_local = 6.267404213690733,
	err_mean  = 20.68126229035895.

iteration number 64:
	xy_best   = [-1.0075574140648071, -0.0070784813077916856],
	err_best  = 1.036382561354607,
	err_local = 6.2332961878879765,
	err_mean  = 20.592069176964582.

iteration number 65:
	xy_best   = [-1.0075574140648071, -0.0070784813077916856],
	err_best  = 1.036382561354607,
	err_local = 6.192514947401764,
	err_mean  = 20.509154499149776.

iteration number 66:
	xy_best   = [-1.0075574140648071, -0.0070784813077916856],
	err_best  = 1.036382561354607,
	err_local = 6.1540351897629435,
	err_mean  = 20.433855861079376.

iteration number 67:
	xy_best   = [-1.0075574140648071, -0.0070784813077916856],
	err_best  = 1.036382561354607,
	err_local = 6.11184718426708,
	err_mean  = 20.370346068204988.

iteration number 68:
	xy_best   = [-1.0075574140648071, -0.0070784813077916856],
	err_best  = 1.036382561354607,
	err_local = 6.072373720227553,
	err_mean  = 20.303954544767393.

iteration number 69:
	xy_best   = [-1.0075574140648071, -0.0070784813077916856],
	err_best  = 1.036382561354607,
	err_local = 6.029882466967109,
	err_mean  = 20.2391875567825.

iteration number 70:
	xy_best   = [-1.0075574140648071, -0.0070784813077916856],
	err_best  = 1.036382561354607,
	err_local = 5.984419730406128,
	err_mean  = 20.17280130502273.

iteration number 71:
	xy_best   = [-1.0075574140648071, -0.0070784813077916856],
	err_best  = 1.036382561354607,
	err_local = 5.945073734635141,
	err_mean  = 20.118829602895122.

iteration number 72:
	xy_best   = [-1.0075574140648071, -0.0070784813077916856],
	err_best  = 1.036382561354607,
	err_local = 5.906576386067116,
	err_mean  = 20.063667648681022.

iteration number 73:
	xy_best   = [-1.0075574140648071, -0.0070784813077916856],
	err_best  = 1.036382561354607,
	err_local = 5.8670163078183455,
	err_mean  = 20.004512414329632.

iteration number 74:
	xy_best   = [-1.0075574140648071, -0.0070784813077916856],
	err_best  = 1.036382561354607,
	err_local = 5.82755392894559,
	err_mean  = 19.948780040035096.

iteration number 75:
	xy_best   = [-1.0075574140648071, -0.0070784813077916856],
	err_best  = 1.036382561354607,
	err_local = 5.7827243249454305,
	err_mean  = 19.880863371380983.

iteration number 76:
	xy_best   = [-1.0075574140648071, -0.0070784813077916856],
	err_best  = 1.036382561354607,
	err_local = 5.741733430280752,
	err_mean  = 19.82724924285427.

iteration number 77:
	xy_best   = [-1.0075574140648071, -0.0070784813077916856],
	err_best  = 1.036382561354607,
	err_local = 5.70412862885948,
	err_mean  = 19.776531004132433.

iteration number 78:
	xy_best   = [-1.0075574140648071, -0.0070784813077916856],
	err_best  = 1.036382561354607,
	err_local = 5.663049973196849,
	err_mean  = 19.72504254703523.

iteration number 79:
	xy_best   = [-1.0075574140648071, -0.0070784813077916856],
	err_best  = 1.036382561354607,
	err_local = 5.62377100698459,
	err_mean  = 19.676248999006507.

iteration number 80:
	xy_best   = [-1.0075574140648071, -0.0070784813077916856],
	err_best  = 1.036382561354607,
	err_local = 5.58839352195306,
	err_mean  = 19.63118424361012.

iteration number 81:
	xy_best   = [-1.0075574140648071, -0.0070784813077916856],
	err_best  = 1.036382561354607,
	err_local = 5.556308416183421,
	err_mean  = 19.58494310722549.

iteration number 82:
	xy_best   = [-1.0075574140648071, -0.0070784813077916856],
	err_best  = 1.036382561354607,
	err_local = 5.527537224470523,
	err_mean  = 19.542311185963296.

iteration number 83:
	xy_best   = [-1.0075574140648071, -0.0070784813077916856],
	err_best  = 1.036382561354607,
	err_local = 5.494711332890634,
	err_mean  = 19.494440423857128.

iteration number 84:
	xy_best   = [-1.0075574140648071, -0.0070784813077916856],
	err_best  = 1.036382561354607,
	err_local = 5.451527462730785,
	err_mean  = 19.44551564157717.

iteration number 85:
	xy_best   = [-1.0075574140648071, -0.0070784813077916856],
	err_best  = 1.036382561354607,
	err_local = 5.40810726732179,
	err_mean  = 19.403090411064824.

iteration number 86:
	xy_best   = [-1.0075574140648071, -0.0070784813077916856],
	err_best  = 1.036382561354607,
	err_local = 5.367343320539176,
	err_mean  = 19.36490531062562.

iteration number 87:
	xy_best   = [-1.0075574140648071, -0.0070784813077916856],
	err_best  = 1.036382561354607,
	err_local = 5.327711039822174,
	err_mean  = 19.327080318810804.

iteration number 88:
	xy_best   = [-1.0075574140648071, -0.0070784813077916856],
	err_best  = 1.036382561354607,
	err_local = 5.293148476971267,
	err_mean  = 19.293495512975802.

iteration number 89:
	xy_best   = [-1.0075574140648071, -0.0070784813077916856],
	err_best  = 1.036382561354607,
	err_local = 5.256542544625443,
	err_mean  = 19.25549581081798.

iteration number 90:
	xy_best   = [-1.0075574140648071, -0.0070784813077916856],
	err_best  = 1.036382561354607,
	err_local = 5.2258634073693075,
	err_mean  = 19.222045143845357.

iteration number 91:
	xy_best   = [-1.0075574140648071, -0.0070784813077916856],
	err_best  = 1.036382561354607,
	err_local = 5.195145081501721,
	err_mean  = 19.186386266149757.

iteration number 92:
	xy_best   = [-1.0075574140648071, -0.0070784813077916856],
	err_best  = 1.036382561354607,
	err_local = 5.164399377143816,
	err_mean  = 19.14759325420459.

iteration number 93:
	xy_best   = [-1.0075574140648071, -0.0070784813077916856],
	err_best  = 1.036382561354607,
	err_local = 5.1353431311104965,
	err_mean  = 19.11270144485551.

iteration number 94:
	xy_best   = [-1.0075574140648071, -0.0070784813077916856],
	err_best  = 1.036382561354607,
	err_local = 5.109073401214101,
	err_mean  = 19.077143564321933.

iteration number 95:
	xy_best   = [-1.0075574140648071, -0.0070784813077916856],
	err_best  = 1.036382561354607,
	err_local = 5.079229683611019,
	err_mean  = 19.0448121019165.

iteration number 96:
	xy_best   = [-1.0075574140648071, -0.0070784813077916856],
	err_best  = 1.036382561354607,
	err_local = 5.0552990177007056,
	err_mean  = 19.01503003013431.

iteration number 97:
	xy_best   = [-1.0075574140648071, -0.0070784813077916856],
	err_best  = 1.036382561354607,
	err_local = 5.031937621605678,
	err_mean  = 18.9855701807313.

iteration number 98:
	xy_best   = [-1.0075574140648071, -0.0070784813077916856],
	err_best  = 1.036382561354607,
	err_local = 5.006159517583986,
	err_mean  = 18.9574600715102.

iteration number 99:
	xy_best   = [-1.0075574140648071, -0.0070784813077916856],
	err_best  = 1.036382561354607,
	err_local = 4.982251858253894,
	err_mean  = 18.930882739986473.

iteration number 100:
	xy_best   = [-1.0075574140648071, -0.0070784813077916856],
	err_best  = 1.036382561354607,
	err_local = 4.959004271421239,
	err_mean  = 18.90039190808874.

iteration number 101:
	xy_best   = [-1.0075574140648071, -0.0070784813077916856],
	err_best  = 1.036382561354607,
	err_local = 4.937258169377424,
	err_mean  = 18.872177380055003.

iteration number 102:
	xy_best   = [-1.0075574140648071, -0.0070784813077916856],
	err_best  = 1.036382561354607,
	err_local = 4.914395631132212,
	err_mean  = 18.843473020983776.

iteration number 103:
	xy_best   = [-1.0075574140648071, -0.0070784813077916856],
	err_best  = 1.036382561354607,
	err_local = 4.890380063746958,
	err_mean  = 18.816631030704556.

iteration number 104:
	xy_best   = [-1.0075574140648071, -0.0070784813077916856],
	err_best  = 1.036382561354607,
	err_local = 4.867741378324208,
	err_mean  = 18.792693089933923.

iteration number 105:
	xy_best   = [-1.0075574140648071, -0.0070784813077916856],
	err_best  = 1.036382561354607,
	err_local = 4.847966746529647,
	err_mean  = 18.76805254028197.

iteration number 106:
	xy_best   = [-1.0075574140648071, -0.0070784813077916856],
	err_best  = 1.036382561354607,
	err_local = 4.826411215827577,
	err_mean  = 18.742627419214646.

iteration number 107:
	xy_best   = [-1.0075574140648071, -0.0070784813077916856],
	err_best  = 1.036382561354607,
	err_local = 4.805275537954056,
	err_mean  = 18.717287466326596.

iteration number 108:
	xy_best   = [-1.0075574140648071, -0.0070784813077916856],
	err_best  = 1.036382561354607,
	err_local = 4.786273899066187,
	err_mean  = 18.69538698303151.

iteration number 109:
	xy_best   = [-1.0075574140648071, -0.0070784813077916856],
	err_best  = 1.036382561354607,
	err_local = 4.76638321722993,
	err_mean  = 18.671089498753805.

iteration number 110:
	xy_best   = [-1.0075574140648071, -0.0070784813077916856],
	err_best  = 1.036382561354607,
	err_local = 4.748066518803591,
	err_mean  = 18.6521287967882.

iteration number 111:
	xy_best   = [-1.0075574140648071, -0.0070784813077916856],
	err_best  = 1.036382561354607,
	err_local = 4.732325575298001,
	err_mean  = 18.632864769626.

iteration number 112:
	xy_best   = [-1.0075574140648071, -0.0070784813077916856],
	err_best  = 1.036382561354607,
	err_local = 4.717215303317681,
	err_mean  = 18.61330673675986.

iteration number 113:
	xy_best   = [-1.0075574140648071, -0.0070784813077916856],
	err_best  = 1.036382561354607,
	err_local = 4.701683332698866,
	err_mean  = 18.59469485521259.

iteration number 114:
	xy_best   = [-1.0075574140648071, -0.0070784813077916856],
	err_best  = 1.036382561354607,
	err_local = 4.685645778711065,
	err_mean  = 18.577765492973842.

iteration number 115:
	xy_best   = [-1.0075574140648071, -0.0070784813077916856],
	err_best  = 1.036382561354607,
	err_local = 4.671134072927561,
	err_mean  = 18.559350581397645.

iteration number 116:
	xy_best   = [-1.0075574140648071, -0.0070784813077916856],
	err_best  = 1.036382561354607,
	err_local = 4.655769397093404,
	err_mean  = 18.542276703301788.

iteration number 117:
	xy_best   = [-1.0075574140648071, -0.0070784813077916856],
	err_best  = 1.036382561354607,
	err_local = 4.642547099034484,
	err_mean  = 18.521767211313954.

iteration number 118:
	xy_best   = [-1.0075574140648071, -0.0070784813077916856],
	err_best  = 1.036382561354607,
	err_local = 4.630854493356321,
	err_mean  = 18.504412186741305.

iteration number 119:
	xy_best   = [-1.0075574140648071, -0.0070784813077916856],
	err_best  = 1.036382561354607,
	err_local = 4.619843154876933,
	err_mean  = 18.487513502388843.

iteration number 120:
	xy_best   = [-1.0075574140648071, -0.0070784813077916856],
	err_best  = 1.036382561354607,
	err_local = 4.6083559731491786,
	err_mean  = 18.469713021881013.

iteration number 121:
	xy_best   = [-1.0075574140648071, -0.0070784813077916856],
	err_best  = 1.036382561354607,
	err_local = 4.596051176462398,
	err_mean  = 18.452645990546497.

iteration number 122:
	xy_best   = [-1.0075574140648071, -0.0070784813077916856],
	err_best  = 1.036382561354607,
	err_local = 4.582215515477176,
	err_mean  = 18.433319004679134.

iteration number 123:
	xy_best   = [-1.0075574140648071, -0.0070784813077916856],
	err_best  = 1.036382561354607,
	err_local = 4.570530794413874,
	err_mean  = 18.417580542472564.

iteration number 124:
	xy_best   = [-1.0075574140648071, -0.0070784813077916856],
	err_best  = 1.036382561354607,
	err_local = 4.557716955283985,
	err_mean  = 18.399518091487195.

iteration number 125:
	xy_best   = [-1.0075574140648071, -0.0070784813077916856],
	err_best  = 1.036382561354607,
	err_local = 4.545757913563849,
	err_mean  = 18.38095762891925.

iteration number 126:
	xy_best   = [-1.0075574140648071, -0.0070784813077916856],
	err_best  = 1.036382561354607,
	err_local = 4.531796110524334,
	err_mean  = 18.366272970549616.

iteration number 127:
	xy_best   = [-1.0075574140648071, -0.0070784813077916856],
	err_best  = 1.036382561354607,
	err_local = 4.515505413354336,
	err_mean  = 18.349750495534952.

